{
  "RSpec": {
    "coverage": {
      "/Users/mikevallano/Desktop/learning-practice/setup-template/app/controllers/pages_controller.rb": [
        1,
        1,
        null,
        null,
        1,
        null,
        null,
        1,
        null,
        null
      ],
      "/Users/mikevallano/Desktop/learning-practice/setup-template/app/controllers/application_controller.rb": [
        1,
        null,
        null,
        1,
        1,
        null,
        1,
        null,
        1,
        33,
        null,
        null
      ],
      "/Users/mikevallano/Desktop/learning-practice/setup-template/app/controllers/users_controller.rb": [
        1,
        null,
        1,
        2,
        2,
        0,
        null,
        2,
        0,
        null,
        null,
        null,
        null
      ],
      "/Users/mikevallano/Desktop/learning-practice/setup-template/app/controllers/registrations_controller.rb": [
        1,
        1,
        1,
        null,
        null,
        1,
        4,
        4,
        4,
        4,
        null,
        null,
        null,
        1,
        4,
        null,
        4,
        4,
        4,
        4,
        0,
        0,
        0,
        null,
        4,
        4,
        4,
        null,
        null,
        0,
        0,
        0,
        null,
        null,
        null,
        null,
        1,
        0,
        null,
        null,
        null,
        null,
        null,
        1,
        0,
        0,
        null,
        0,
        0,
        0,
        0,
        0,
        null,
        0,
        null,
        0,
        0,
        null,
        0,
        0,
        null,
        null,
        null,
        null,
        1,
        0,
        0,
        0,
        0,
        0,
        null,
        null,
        null,
        null,
        null,
        null,
        null,
        1,
        0,
        0,
        null,
        null,
        1,
        null,
        1,
        null,
        0,
        null,
        null,
        null,
        null,
        null,
        1,
        0,
        null,
        null,
        null,
        null,
        1,
        8,
        null,
        null,
        null,
        null,
        1,
        0,
        null,
        null,
        null,
        null,
        1,
        0,
        null,
        null,
        null,
        null,
        1,
        4,
        null,
        null,
        null,
        null,
        null,
        null,
        null,
        null,
        1,
        0,
        null,
        null,
        null,
        1,
        0,
        0,
        null,
        null,
        1,
        4,
        null,
        null,
        1,
        0,
        null,
        null,
        1,
        4,
        null,
        null
      ],
      "/Users/mikevallano/Desktop/learning-practice/setup-template/app/helpers/application_helper.rb": [
        0,
        0
      ],
      "/Users/mikevallano/Desktop/learning-practice/setup-template/app/helpers/pages_helper.rb": [
        0,
        0
      ],
      "/Users/mikevallano/Desktop/learning-practice/setup-template/app/helpers/users_helper.rb": [
        0,
        0
      ],
      "/Users/mikevallano/Desktop/learning-practice/setup-template/app/models/user.rb": [
        0,
        0,
        0,
        0,
        0,
        0,
        0,
        0,
        0,
        0,
        0,
        0,
        0,
        0,
        0,
        0,
        0,
        0
      ]
    },
    "timestamp": 1468194268
  }
}
